# JRE version: OpenJDK Runtime Environment (8.0_112-b06) (build 1.8.0_112-release-b06)
# Java VM: OpenJDK 64-Bit Server VM (25.112-b06 mixed mode windows-amd64 compressed oops)
Heap:
 PSYoungGen      total 266240K, used 154042K [0x00000000e0000000, 0x00000000f4c00000, 0x0000000100000000)
  eden space 220160K, 69% used [0x00000000e0000000,0x00000000e966ea68,0x00000000ed700000)
  from space 46080K, 0% used [0x00000000f1f00000,0x00000000f1f00000,0x00000000f4c00000)
  to   space 43520K, 0% used [0x00000000ed700000,0x00000000ed700000,0x00000000f0180000)
 ParOldGen       total 133120K, used 82964K [0x00000000a0000000, 0x00000000a8200000, 0x00000000e0000000)
  object space 133120K, 62% used [0x00000000a0000000,0x00000000a5105028,0x00000000a8200000)
 Metaspace       used 67414K, capacity 69572K, committed 69760K, reserved 1110016K
  class space    used 8589K, capacity 9013K, committed 9088K, reserved 1048576K
GC Heap History (10 events):
Event: 431.368 GC heap after
Heap after GC invocations=38 (full 4):
 PSYoungGen      total 222208K, used 19995K [0x00000000e0000000, 0x00000000ef900000, 0x0000000100000000)
  eden space 195072K, 0% used [0x00000000e0000000,0x00000000e0000000,0x00000000ebe80000)
  from space 27136K, 73% used [0x00000000edb00000,0x00000000eee86e80,0x00000000ef580000)
  to   space 29184K, 0% used [0x00000000ebe80000,0x00000000ebe80000,0x00000000edb00000)
 ParOldGen       total 133120K, used 79105K [0x00000000a0000000, 0x00000000a8200000, 0x00000000e0000000)
  object space 133120K, 59% used [0x00000000a0000000,0x00000000a4d40610,0x00000000a8200000)
 Metaspace       used 67360K, capacity 69508K, committed 69760K, reserved 1110016K
  class space    used 8589K, capacity 9013K, committed 9088K, reserved 1048576K
}
Event: 433.150 GC heap before
{Heap before GC invocations=39 (full 4):
 PSYoungGen      total 222208K, used 215067K [0x00000000e0000000, 0x00000000ef900000, 0x0000000100000000)
  eden space 195072K, 100% used [0x00000000e0000000,0x00000000ebe80000,0x00000000ebe80000)
  from space 27136K, 73% used [0x00000000edb00000,0x00000000eee86e80,0x00000000ef580000)
  to   space 29184K, 0% used [0x00000000ebe80000,0x00000000ebe80000,0x00000000edb00000)
 ParOldGen       total 133120K, used 79105K [0x00000000a0000000, 0x00000000a8200000, 0x00000000e0000000)
  object space 133120K, 59% used [0x00000000a0000000,0x00000000a4d40610,0x00000000a8200000)
 Metaspace       used 67375K, capacity 69572K, committed 69760K, reserved 1110016K
  class space    used 8589K, capacity 9013K, committed 9088K, reserved 1048576K
Event: 433.278 GC heap after
Heap after GC invocations=39 (full 4):
 PSYoungGen      total 224256K, used 29156K [0x00000000e0000000, 0x00000000f2900000, 0x0000000100000000)
  eden space 195072K, 0% used [0x00000000e0000000,0x00000000e0000000,0x00000000ebe80000)
  from space 29184K, 99% used [0x00000000ebe80000,0x00000000edaf9308,0x00000000edb00000)
  to   space 40448K, 0% used [0x00000000f0180000,0x00000000f0180000,0x00000000f2900000)
 ParOldGen       total 133120K, used 95907K [0x00000000a0000000, 0x00000000a8200000, 0x00000000e0000000)
  object space 133120K, 72% used [0x00000000a0000000,0x00000000a5da8cc8,0x00000000a8200000)
 Metaspace       used 67375K, capacity 69572K, committed 69760K, reserved 1110016K
  class space    used 8589K, capacity 9013K, committed 9088K, reserved 1048576K
}
Event: 434.673 GC heap before
{Heap before GC invocations=40 (full 4):
 PSYoungGen      total 224256K, used 224228K [0x00000000e0000000, 0x00000000f2900000, 0x0000000100000000)
  eden space 195072K, 100% used [0x00000000e0000000,0x00000000ebe80000,0x00000000ebe80000)
  from space 29184K, 99% used [0x00000000ebe80000,0x00000000edaf9308,0x00000000edb00000)
  to   space 40448K, 0% used [0x00000000f0180000,0x00000000f0180000,0x00000000f2900000)
 ParOldGen       total 133120K, used 95907K [0x00000000a0000000, 0x00000000a8200000, 0x00000000e0000000)
  object space 133120K, 72% used [0x00000000a0000000,0x00000000a5da8cc8,0x00000000a8200000)
 Metaspace       used 67389K, capacity 69572K, committed 69760K, reserved 1110016K
  class space    used 8589K, capacity 9013K, committed 9088K, reserved 1048576K
Event: 434.827 GC heap after
Heap after GC invocations=40 (full 4):
 PSYoungGen      total 260608K, used 29278K [0x00000000e0000000, 0x00000000f3380000, 0x0000000100000000)
  eden space 220160K, 0% used [0x00000000e0000000,0x00000000e0000000,0x00000000ed700000)
  from space 40448K, 72% used [0x00000000f0180000,0x00000000f1e179e8,0x00000000f2900000)
  to   space 43520K, 0% used [0x00000000ed700000,0x00000000ed700000,0x00000000f0180000)
 ParOldGen       total 133120K, used 120448K [0x00000000a0000000, 0x00000000a8200000, 0x00000000e0000000)
  object space 133120K, 90% used [0x00000000a0000000,0x00000000a75a0100,0x00000000a8200000)
 Metaspace       used 67389K, capacity 69572K, committed 69760K, reserved 1110016K
  class space    used 8589K, capacity 9013K, committed 9088K, reserved 1048576K
}
Event: 434.827 GC heap before
{Heap before GC invocations=41 (full 5):
 PSYoungGen      total 260608K, used 29278K [0x00000000e0000000, 0x00000000f3380000, 0x0000000100000000)
  eden space 220160K, 0% used [0x00000000e0000000,0x00000000e0000000,0x00000000ed700000)
  from space 40448K, 72% used [0x00000000f0180000,0x00000000f1e179e8,0x00000000f2900000)
  to   space 43520K, 0% used [0x00000000ed700000,0x00000000ed700000,0x00000000f0180000)
 ParOldGen       total 133120K, used 120448K [0x00000000a0000000, 0x00000000a8200000, 0x00000000e0000000)
  object space 133120K, 90% used [0x00000000a0000000,0x00000000a75a0100,0x00000000a8200000)
 Metaspace       used 67389K, capacity 69572K, committed 69760K, reserved 1110016K
  class space    used 8589K, capacity 9013K, committed 9088K, reserved 1048576K
Event: 436.363 GC heap after
Heap after GC invocations=41 (full 5):
 PSYoungGen      total 260608K, used 0K [0x00000000e0000000, 0x00000000f3380000, 0x0000000100000000)
  eden space 220160K, 0% used [0x00000000e0000000,0x00000000e0000000,0x00000000ed700000)
  from space 40448K, 0% used [0x00000000f0180000,0x00000000f0180000,0x00000000f2900000)
  to   space 43520K, 0% used [0x00000000ed700000,0x00000000ed700000,0x00000000f0180000)
 ParOldGen       total 133120K, used 108706K [0x00000000a0000000, 0x00000000a8200000, 0x00000000e0000000)
  object space 133120K, 81% used [0x00000000a0000000,0x00000000a6a28950,0x00000000a8200000)
 Metaspace       used 67389K, capacity 69572K, committed 69760K, reserved 1110016K
  class space    used 8589K, capacity 9013K, committed 9088K, reserved 1048576K
}
Event: 438.118 GC heap before
{Heap before GC invocations=42 (full 5):
 PSYoungGen      total 260608K, used 220160K [0x00000000e0000000, 0x00000000f3380000, 0x0000000100000000)
  eden space 220160K, 100% used [0x00000000e0000000,0x00000000ed700000,0x00000000ed700000)
  from space 40448K, 0% used [0x00000000f0180000,0x00000000f0180000,0x00000000f2900000)
  to   space 43520K, 0% used [0x00000000ed700000,0x00000000ed700000,0x00000000f0180000)
 ParOldGen       total 133120K, used 108706K [0x00000000a0000000, 0x00000000a8200000, 0x00000000e0000000)
  object space 133120K, 81% used [0x00000000a0000000,0x00000000a6a28950,0x00000000a8200000)
 Metaspace       used 67397K, capacity 69572K, committed 69760K, reserved 1110016K
  class space    used 8589K, capacity 9013K, committed 9088K, reserved 1048576K
Event: 438.193 GC heap after
Heap after GC invocations=42 (full 5):
 PSYoungGen      total 263680K, used 31050K [0x00000000e0000000, 0x00000000f4c00000, 0x0000000100000000)
  eden space 220160K, 0% used [0x00000000e0000000,0x00000000e0000000,0x00000000ed700000)
  from space 43520K, 71% used [0x00000000ed700000,0x00000000ef552ba8,0x00000000f0180000)
  to   space 46080K, 0% used [0x00000000f1f00000,0x00000000f1f00000,0x00000000f4c00000)
 ParOldGen       total 133120K, used 108706K [0x00000000a0000000, 0x00000000a8200000, 0x00000000e0000000)
  object space 133120K, 81% used [0x00000000a0000000,0x00000000a6a28950,0x00000000a8200000)
 Metaspace       used 67397K, capacity 69572K, committed 69760K, reserved 1110016K
  class space    used 8589K, capacity 9013K, committed 9088K, reserved 1048576K
}
Event: 441.144 GC heap before
{Heap before GC invocations=43 (full 5):
 PSYoungGen      total 263680K, used 251210K [0x00000000e0000000, 0x00000000f4c00000, 0x0000000100000000)
  eden space 220160K, 100% used [0x00000000e0000000,0x00000000ed700000,0x00000000ed700000)
  from space 43520K, 71% used [0x00000000ed700000,0x00000000ef552ba8,0x00000000f0180000)
  to   space 46080K, 0% used [0x00000000f1f00000,0x00000000f1f00000,0x00000000f4c00000)
 ParOldGen       total 133120K, used 108706K [0x00000000a0000000, 0x00000000a8200000, 0x00000000e0000000)
  object space 133120K, 81% used [0x00000000a0000000,0x00000000a6a28950,0x00000000a8200000)
 Metaspace       used 67412K, capacity 69572K, committed 69760K, reserved 1110016K
  class space    used 8589K, capacity 9013K, committed 9088K, reserved 1048576K

